<?xml version="1.0" encoding="UTF-8"?>
<testng-results ignored="0" total="2" passed="2" failed="0" skipped="0">
  <reporter-output>
  </reporter-output>
  <suite started-at="2021-04-13T15:36:03 BST" name="demo001" finished-at="2021-04-13T15:36:09 BST" duration-ms="6241">
    <groups>
    </groups>
    <test started-at="2021-04-13T15:36:03 BST" name="democlass" finished-at="2021-04-13T15:36:09 BST" duration-ms="5755">
      <class name="demo001.demoPages.Democlass">
        <test-method signature="setUp(java.lang.String)[pri:0, instance:demo001.demoPages.Democlass@32502377]" started-at="2021-04-13T15:36:03 BST" name="setUp" finished-at="2021-04-13T15:36:09 BST" duration-ms="5687" status="PASS">
          <params>
            <param index="0">
              <value>
                <![CDATA[chrome]]>
              </value>
            </param>
          </params>
          <reporter-output>
          </reporter-output>
        </test-method> <!-- setUp -->
      </class> <!-- demo001.demoPages.Democlass -->
    </test> <!-- democlass -->
    <test started-at="2021-04-13T15:36:03 BST" name="democlass1" finished-at="2021-04-13T15:36:09 BST" duration-ms="6241">
      <class name="demo001.demoPages.Democlass">
        <test-method signature="setUp(java.lang.String)[pri:0, instance:demo001.demoPages.Democlass@52b1beb6]" started-at="2021-04-13T15:36:03 BST" name="setUp" finished-at="2021-04-13T15:36:09 BST" duration-ms="6183" status="PASS">
          <params>
            <param index="0">
              <value>
                <![CDATA[edge]]>
              </value>
            </param>
          </params>
          <reporter-output>
          </reporter-output>
        </test-method> <!-- setUp -->
      </class> <!-- demo001.demoPages.Democlass -->
    </test> <!-- democlass1 -->
  </suite> <!-- demo001 -->
</testng-results>
